[debug] [2026-06-03T00:55:10.592Z] ----------------------------------------------------------------------
[debug] [2026-06-03T00:55:10.594Z] Command:       /Users/jinzhou/.nvm/versions/node/v26.1.0/bin/node /Users/jinzhou/.npm/_npx/ba4f1959e38407b5/node_modules/.bin/firebase deploy --only hosting
[debug] [2026-06-03T00:55:10.594Z] CLI Version:   15.19.0
[debug] [2026-06-03T00:55:10.594Z] Platform:      darwin
[debug] [2026-06-03T00:55:10.594Z] Node Version:  v26.1.0
[debug] [2026-06-03T00:55:10.594Z] Time:          Wed Jun 03 2026 08:55:10 GMT+0800 (Malaysia Time)
[debug] [2026-06-03T00:55:10.594Z] ----------------------------------------------------------------------
[debug] 
[debug] [2026-06-03T00:55:11.240Z] > command requires scopes: ["email","openid","https://www.googleapis.com/auth/cloudplatformprojects.readonly","https://www.googleapis.com/auth/firebase","https://www.googleapis.com/auth/cloud-platform"]
[debug] [2026-06-03T00:55:11.240Z] > authorizing via signed-in user (louisleong4896@gmail.com)
[debug] [2026-06-03T00:55:11.240Z] [iam] checking project qiu-ai-video-2026-web for permissions ["firebase.projects.get","firebasehosting.sites.update"]
[debug] [2026-06-03T00:55:11.241Z] Checked if tokens are valid: true, expires at: 1780450769825
[debug] [2026-06-03T00:55:11.241Z] Checked if tokens are valid: true, expires at: 1780450769825
[debug] [2026-06-03T00:55:11.241Z] >>> [apiv2][query] POST https://cloudresourcemanager.googleapis.com/v1/projects/qiu-ai-video-2026-web:testIamPermissions [none]
[debug] [2026-06-03T00:55:11.241Z] >>> [apiv2][(partial)header] POST https://cloudresourcemanager.googleapis.com/v1/projects/qiu-ai-video-2026-web:testIamPermissions  x-goog-user-project=qiu-ai-video-2026-web
[debug] [2026-06-03T00:55:11.241Z] >>> [apiv2][body] POST https://cloudresourcemanager.googleapis.com/v1/projects/qiu-ai-video-2026-web:testIamPermissions {"permissions":["firebase.projects.get","firebasehosting.sites.update"]}
[debug] [2026-06-03T00:55:12.390Z] <<< [apiv2][status] POST https://cloudresourcemanager.googleapis.com/v1/projects/qiu-ai-video-2026-web:testIamPermissions 200
[debug] [2026-06-03T00:55:12.391Z] <<< [apiv2][body] POST https://cloudresourcemanager.googleapis.com/v1/projects/qiu-ai-video-2026-web:testIamPermissions {"permissions":["firebase.projects.get","firebasehosting.sites.update"]}
[debug] [2026-06-03T00:55:12.391Z] Checked if tokens are valid: true, expires at: 1780450769825
[debug] [2026-06-03T00:55:12.391Z] Checked if tokens are valid: true, expires at: 1780450769825
[debug] [2026-06-03T00:55:12.391Z] >>> [apiv2][query] GET https://firebase.googleapis.com/v1beta1/projects/qiu-ai-video-2026-web [none]
[debug] [2026-06-03T00:55:12.984Z] <<< [apiv2][status] GET https://firebase.googleapis.com/v1beta1/projects/qiu-ai-video-2026-web 200
[debug] [2026-06-03T00:55:12.984Z] <<< [apiv2][body] GET https://firebase.googleapis.com/v1beta1/projects/qiu-ai-video-2026-web {"projectId":"qiu-ai-video-2026-web","projectNumber":"33078837871","displayName":"QIU AI Video Challenge 2026","name":"projects/qiu-ai-video-2026-web","resources":{"hostingSite":"qiu-ai-video-2026-web"},"state":"ACTIVE","etag":"1_bb050d2e-6049-41ee-9da6-19314ed35a1a"}
[info] 
[info] === Deploying to 'qiu-ai-video-2026-web'...
[info] 
[info] i  deploying hosting 
[debug] [2026-06-03T00:55:12.988Z] Checked if tokens are valid: true, expires at: 1780450769825
[debug] [2026-06-03T00:55:12.988Z] Checked if tokens are valid: true, expires at: 1780450769825
[debug] [2026-06-03T00:55:12.988Z] >>> [apiv2][query] GET https://firebasehosting.googleapis.com/v1beta1/projects/qiu-ai-video-2026-web/sites/qiu-ai-video-2026-web [none]
[debug] [2026-06-03T00:55:14.052Z] <<< [apiv2][status] GET https://firebasehosting.googleapis.com/v1beta1/projects/qiu-ai-video-2026-web/sites/qiu-ai-video-2026-web 200
[debug] [2026-06-03T00:55:14.052Z] <<< [apiv2][body] GET https://firebasehosting.googleapis.com/v1beta1/projects/qiu-ai-video-2026-web/sites/qiu-ai-video-2026-web {"name":"projects/qiu-ai-video-2026-web/sites/qiu-ai-video-2026-web","defaultUrl":"https://qiu-ai-video-2026-web.web.app","type":"DEFAULT_SITE"}
[debug] [2026-06-03T00:55:14.053Z] Checked if tokens are valid: true, expires at: 1780450769825
[debug] [2026-06-03T00:55:14.053Z] Checked if tokens are valid: true, expires at: 1780450769825
[debug] [2026-06-03T00:55:14.053Z] >>> [apiv2][query] POST https://firebasehosting.googleapis.com/v1beta1/projects/-/sites/qiu-ai-video-2026-web/versions [none]
[debug] [2026-06-03T00:55:14.053Z] >>> [apiv2][body] POST https://firebasehosting.googleapis.com/v1beta1/projects/-/sites/qiu-ai-video-2026-web/versions {"status":"CREATED","labels":{"deployment-tool":"cli-firebase"}}
[debug] [2026-06-03T00:55:15.075Z] <<< [apiv2][status] POST https://firebasehosting.googleapis.com/v1beta1/projects/-/sites/qiu-ai-video-2026-web/versions 200
[debug] [2026-06-03T00:55:15.075Z] <<< [apiv2][body] POST https://firebasehosting.googleapis.com/v1beta1/projects/-/sites/qiu-ai-video-2026-web/versions {"name":"projects/33078837871/sites/qiu-ai-video-2026-web/versions/6616c6bae8669418","status":"CREATED","config":{},"labels":{"deployment-tool":"cli-firebase"}}
[info] i  hosting[qiu-ai-video-2026-web]: beginning deploy... 
[info] i  hosting[qiu-ai-video-2026-web]: found 58 files in . 
[debug] [2026-06-03T00:55:15.092Z] [hosting] uploading with 200 concurrency
[info] i  hosting: hashing files [57/58] (98%) 
[debug] [2026-06-03T00:55:18.707Z] Checked if tokens are valid: true, expires at: 1780450769825
[debug] [2026-06-03T00:55:18.707Z] Checked if tokens are valid: true, expires at: 1780450769825
[debug] [2026-06-03T00:55:18.708Z] [hosting] hash cache [] stored for 58 files
[debug] [2026-06-03T00:55:18.708Z] [hosting][hash queue][FINAL] {"max":3612,"min":2,"avg":70.43103448275862,"active":0,"complete":58,"success":58,"errored":0,"retried":0,"total":58,"elapsed":3615}
[debug] [2026-06-03T00:55:18.709Z] >>> [apiv2][query] POST https://firebasehosting.googleapis.com/v1beta1/projects/33078837871/sites/qiu-ai-video-2026-web/versions/6616c6bae8669418:populateFiles [none]
[debug] [2026-06-03T00:55:18.709Z] >>> [apiv2][body] POST https://firebasehosting.googleapis.com/v1beta1/projects/33078837871/sites/qiu-ai-video-2026-web/versions/6616c6bae8669418:populateFiles {"files":{"/trailer.mp4":"5211632a45fa66f4d61c7315cad983a29af1663afa178cb662d3a451faa735b8","/screenshot.js":"9be0d30a512d685036cbf65a142815d3aae0a66cd32b94f42e928bdef352c16e","/package.json":"4033dd29253a85bfc698ef73458e4cb5c3fad8a339fc63da6d1f9bd8a7097d62","/package-lock.json":"432a9024cf2d59150f6969b7b0ed407ab5069c5f535fce9ff1f11ffe21691e50","/intro_editor_bg.png":"0f84ac95096b8432286c37ec0037a629c1146eec8c92f2e5cad95816e0f609c8","/QR Code.png":"df3d8610f47eda62ae654b6cdc21afb516c1ccecff505c8413135338452b7aaf","/QIU Logo Black.png":"41bcfba699c4f06dc0782b5e0a7d00103d7fd794ee2a3e76c3b9cd7485ba4bd2","/Poster.png":"ed5cc5023496e5d3bd6b1a513a7d75492acfa991bb65db1e49b8d2cf638c7918","/Logo.png":"18f266cfe16ac27ad5b74348b96cb986b0e5580099473e14c9736b030eb5f416","/Event Proposal.pdf":"ad8c2520b41f756cff39c4240b798a004dd5e8a705d5daf1a618cb487dc1de6e","/.git/description":"d80717aec73322e5b189c52f5d2f13033fd07d1702a21c5395583d89cf7c8c2d","/.git/refs/heads/main":"a0fc76c88a6b334b123f05192f7c0c90c737a0260ade6061f6a3d470afa3ad8c","/.git/config":"921ee33968e37ce126375439514fdfb9eb11d3a71b27f9dc4661047f4e86aeeb","/.git/COMMIT_EDITMSG":"50951f267aa86ccd6afdd5aab7ff5720c1bcc0d6284593937d9d221b913a379b","/.git/refs/remotes/origin/main":"a0fc76c88a6b334b123f05192f7c0c90c737a0260ade6061f6a3d470afa3ad8c","/.git/HEAD":"a39dc51e21d1523cdef2091e7c7ab30a33ad42a7cd5da1f45139746e5c24b667","/.git/index":"137ff9bbd4dc6eaea7ae0d8888bac67e51d2bcb77cab41eb603cb1f1f440392e","/.git/objects/f6/68bd7e5a5bc745f933ec5b59765bfbe2298490":"b25dcb2b59da0129e34cb8be1c17eacd0556c24682309d01c67315c0ce84b7b9","/.git/objects/ab/1d15e7a26f3ce54d64c59325f2617a089f886d":"46d9ad67cc243ad94e3c2899e931686cd45e157491de63f2d901582b27d4e45b","/.git/objects/d5/102340551f9e510f7bcae98e201038b784294c":"3b3329e39ca1e22926a0a879001382133a58803ad6b4c051aba61d2fa162d847","/.git/objects/98/8d7691d41743d3abe1e517c317c8037bb14f7e":"29506854621dffc32df9fe186a0a73a45fb3b095ff94c81e42018c9dcea20c10","/.git/objects/87/910c0d491f1de9d6361297868da627631f27ba":"e3176b8cb3a540f7e60461833b6cafec7d124baff6f4697bd75690e82bdc53fb","/.git/objects/78/2c81ef8279478fae12d1c6f33234e8c056bd16":"df43526e35b386c84adfc7dea1bfc1b816950217bf2efc3577623490d403b3d9","/.git/objects/70/0eb0f2097dc3ecdc29323728b4cc76124b94d9":"c13054f1cfa70df84647227edc82cd358af2da0dc79d121ca18e0f501de4d01b","/.git/objects/6c/8ac6ab54ab3a1c80a91d7f219a2b408a49331c":"ef4f68484a2ffb3a2cc0cd425a48d363dbb8a73002a0920c44fd18242d766f8d","/.git/objects/60/8bfd5163dbd18ebdb2b544987194b2245f99e6":"ceefb36f9102e220fa498bebf7d34788b2186bec2de1374031cdc684d485e970","/.git/objects/3e/038986f78fd4efad6d81e90a62634b91b7dca6":"08cb2cf40b9e46a42d3a75bbec599f2566f5f5528026203ef762a502a09b50cf","/.git/objects/14/8ac74fc6cafd54d62708d77ad0a7743ed307ca":"1b31cda47d2f824067c88cee5e7d61f083acb23b54a79d2c34e7620c3f209e9c","/.git/logs/HEAD":"0701373f4ae2ea64873426287d7255111f9ed4ad878c3cf7ed8369f2f30356d1","/.git/objects/01/169de12e6422a7f6fe1b6b71e2c78245ecaaae":"dda3366b656cc614c25e85cf76048770097975d65d6186c65e8bda9375fdcc74","/.git/logs/refs/heads/main":"b2b4b41c220f7538453a36b19427a82358a5bc8a39a99d959ea72f68f945b325","/.git/hooks/update.sample":"630f342d1191f0360553b2bfcae2d1801002847b63b3834404fceb59ec47de98","/.git/logs/refs/remotes/origin/main":"9a694286f0a981ecef83599c25bd07ba7869726351435f9dfad513ce54a16eba","/.git/hooks/push-to-checkout.sample":"2d5b63bccaa04c06503693498e71666a4bfd72341a5f3b26aaf6c5397390f784","/.git/info/exclude":"553543b3472f0d5661b8da5e37f54a56cc2a6e5387aea198956fe945573a605f","/.git/hooks/sendemail-validate.sample":"6584811038820a9f283d92a263b2a59f53df2548e7a9c4dddee49b063b31c8fd","/.git/hooks/pre-receive.sample":"2b2ca0e45ed128d9c96b91e491cc48d64bec04b3225fbde5f0a5b7757c479ba0","/.git/hooks/pre-push.sample":"109e53b223e9befc5ec87b02aa5d6edd155b30f5c5678abf874508c2268077c8","/.git/hooks/pre-merge-commit.sample":"5f616dbdc6c89638f251eedc62f9535695f62e1bf67cd536dd6385c600ca97ac","/.git/hooks/pre-applypatch.sample":"69bb73fa446dc095401aebeed6e9567f148a70b49dddb7007d7dd0bd2758a570","/.git/hooks/post-update.sample":"b10e235e8e631c62cf8970a23fcb25102f823e835384ecad0c7b1c463a2a6cb0","/.git/hooks/pre-rebase.sample":"a8b1c92ead8342bf60b849ad99bed65089c6ccc142e467d62287307902055d72","/.git/hooks/prepare-commit-msg.sample":"233eb4792ce783ee1bbb334b9e21c04a5b1e2c9c4adce2cb06045134de8eb2c5","/.git/hooks/commit-msg.sample":"b320ad8c398320942123ad2d28e036f7ec65561d406cce53a7e52cee45a53699","/.git/hooks/applypatch-msg.sample":"21698bb9cc236ed557dfd28414c4c46a690d7fb639a6f8c3a236a941ae14243e","/.git/hooks/pre-commit.sample":"6d6ba298a4ade37772ea29e4d203d154fda7cc1f2260eed19dbf21d53a4908ec","/.git/hooks/fsmonitor-watchman.sample":"672d7f4f28873a2556fbefd1d45114b839ef179d97e35d68921a10a99eb73e87","/.git/objects/3a/e9ab844748d0a71fa3427f755e26f3b3f8e8e6":"00bea984674789a43e3c3a4a33d098b2d5ab039db231775db1de4923b409e53a","/.git/objects/90/b5a0e4e4cf22c69a0f9911eb8491b607211088":"7bfe8e198f5913be0ad5086fd510fea54cf410b9b2359ac5f7bcd5e15ed3f39d","/.git/objects/61/7d6ccfd44837967c097e47e7000888e2f9b48d":"78eebf02c70dae9699b0c164c55042b13684d99dfe3f8feb61e7ce5e8b14b2a7","/index.html":"82c91768145d926ff8b0699586be126ddc7335658d9446d705e16bbd7794664f","/ai video page.html":"46c90b83c4864d28a35d4bdbf51d668333735fd3cf8d09e7702748c086a77d39","/.git/objects/11/7c4c2fe0e2c2313cf73d4a259fd06d3ed60cc0":"2ae821d81705a7ffa1447b958221f2c3d3c603ffcfa443246748cdb089eb2638","/.git/objects/93/237b15af91cd2e6961d65d480843976c15bbcd":"40700c1b74ce51df87e3c70f999057b21b84cac1b07624949356c172b10955b3","/.git/objects/b0/b80950789414859a5d1e55067dad6cbb13db4d":"62ca2c180d2ebfcd1000052da5874624605d806fbeb55e64095b0f6ebedc55da","/.git/objects/89/c4cf21f450d87d70cac9a6c4c03438ddebf587":"a2bcf18f129bb5bac3bccb2de5d7121819467bf028c020abff3e3ba8a5bd6b51","/.git/objects/97/b3c2b155c552d4c912a223ceacb44f75d40c43":"b48eb4b64acb3f26526c96890ef40700e40b96df019a5331e4bcbfbfd3a52ab2","/.git/objects/66/71f80edd72ac734a338f31d9c17f53ad4f9cc0":"d7e81c6b2e2382d7e1573beda00238696e29e744f06cee32a35bf398a36affeb"}}
[info] i  hosting: adding files to version [0/58] (0%) 
[debug] [2026-06-03T00:55:19.816Z] <<< [apiv2][status] POST https://firebasehosting.googleapis.com/v1beta1/projects/33078837871/sites/qiu-ai-video-2026-web/versions/6616c6bae8669418:populateFiles 200
[debug] [2026-06-03T00:55:19.816Z] <<< [apiv2][body] POST https://firebasehosting.googleapis.com/v1beta1/projects/33078837871/sites/qiu-ai-video-2026-web/versions/6616c6bae8669418:populateFiles {"uploadRequiredHashes":["46d9ad67cc243ad94e3c2899e931686cd45e157491de63f2d901582b27d4e45b","a39dc51e21d1523cdef2091e7c7ab30a33ad42a7cd5da1f45139746e5c24b667","9a694286f0a981ecef83599c25bd07ba7869726351435f9dfad513ce54a16eba","d80717aec73322e5b189c52f5d2f13033fd07d1702a21c5395583d89cf7c8c2d","69bb73fa446dc095401aebeed6e9567f148a70b49dddb7007d7dd0bd2758a570","50951f267aa86ccd6afdd5aab7ff5720c1bcc0d6284593937d9d221b913a379b","08cb2cf40b9e46a42d3a75bbec599f2566f5f5528026203ef762a502a09b50cf","b25dcb2b59da0129e34cb8be1c17eacd0556c24682309d01c67315c0ce84b7b9","2d5b63bccaa04c06503693498e71666a4bfd72341a5f3b26aaf6c5397390f784","c13054f1cfa70df84647227edc82cd358af2da0dc79d121ca18e0f501de4d01b","a2bcf18f129bb5bac3bccb2de5d7121819467bf028c020abff3e3ba8a5bd6b51","109e53b223e9befc5ec87b02aa5d6edd155b30f5c5678abf874508c2268077c8","78eebf02c70dae9699b0c164c55042b13684d99dfe3f8feb61e7ce5e8b14b2a7","b2b4b41c220f7538453a36b19427a82358a5bc8a39a99d959ea72f68f945b325","233eb4792ce783ee1bbb334b9e21c04a5b1e2c9c4adce2cb06045134de8eb2c5","672d7f4f28873a2556fbefd1d45114b839ef179d97e35d68921a10a99eb73e87","82c91768145d926ff8b0699586be126ddc7335658d9446d705e16bbd7794664f","ef4f68484a2ffb3a2cc0cd425a48d363dbb8a73002a0920c44fd18242d766f8d","b48eb4b64acb3f26526c96890ef40700e40b96df019a5331e4bcbfbfd3a52ab2","29506854621dffc32df9fe186a0a73a45fb3b095ff94c81e42018c9dcea20c10","2b2ca0e45ed128d9c96b91e491cc48d64bec04b3225fbde5f0a5b7757c479ba0","e3176b8cb3a540f7e60461833b6cafec7d124baff6f4697bd75690e82bdc53fb","46c90b83c4864d28a35d4bdbf51d668333735fd3cf8d09e7702748c086a77d39","0701373f4ae2ea64873426287d7255111f9ed4ad878c3cf7ed8369f2f30356d1","ceefb36f9102e220fa498bebf7d34788b2186bec2de1374031cdc684d485e970","137ff9bbd4dc6eaea7ae0d8888bac67e51d2bcb77cab41eb603cb1f1f440392e","553543b3472f0d5661b8da5e37f54a56cc2a6e5387aea198956fe945573a605f","921ee33968e37ce126375439514fdfb9eb11d3a71b27f9dc4661047f4e86aeeb","b320ad8c398320942123ad2d28e036f7ec65561d406cce53a7e52cee45a53699","d7e81c6b2e2382d7e1573beda00238696e29e744f06cee32a35bf398a36affeb","00bea984674789a43e3c3a4a33d098b2d5ab039db231775db1de4923b409e53a","df43526e35b386c84adfc7dea1bfc1b816950217bf2efc3577623490d403b3d9","6584811038820a9f283d92a263b2a59f53df2548e7a9c4dddee49b063b31c8fd","a8b1c92ead8342bf60b849ad99bed65089c6ccc142e467d62287307902055d72","3b3329e39ca1e22926a0a879001382133a58803ad6b4c051aba61d2fa162d847","dda3366b656cc614c25e85cf76048770097975d65d6186c65e8bda9375fdcc74","5f616dbdc6c89638f251eedc62f9535695f62e1bf67cd536dd6385c600ca97ac","21698bb9cc236ed557dfd28414c4c46a690d7fb639a6f8c3a236a941ae14243e","40700c1b74ce51df87e3c70f999057b21b84cac1b07624949356c172b10955b3","b10e235e8e631c62cf8970a23fcb25102f823e835384ecad0c7b1c463a2a6cb0","a0fc76c88a6b334b123f05192f7c0c90c737a0260ade6061f6a3d470afa3ad8c","2ae821d81705a7ffa1447b958221f2c3d3c603ffcfa443246748cdb089eb2638","630f342d1191f0360553b2bfcae2d1801002847b63b3834404fceb59ec47de98","7bfe8e198f5913be0ad5086fd510fea54cf410b9b2359ac5f7bcd5e15ed3f39d","6d6ba298a4ade37772ea29e4d203d154fda7cc1f2260eed19dbf21d53a4908ec","1b31cda47d2f824067c88cee5e7d61f083acb23b54a79d2c34e7620c3f209e9c","62ca2c180d2ebfcd1000052da5874624605d806fbeb55e64095b0f6ebedc55da"],"uploadUrl":"https://upload-firebasehosting.googleapis.com/upload/sites/qiu-ai-video-2026-web/versions/6616c6bae8669418/files"}
[debug] [2026-06-03T00:55:19.817Z] Checked if tokens are valid: true, expires at: 1780450769825
[debug] [2026-06-03T00:55:19.817Z] Checked if tokens are valid: true, expires at: 1780450769825
[debug] [2026-06-03T00:55:19.818Z] Checked if tokens are valid: true, expires at: 1780450769825
[debug] [2026-06-03T00:55:19.818Z] Checked if tokens are valid: true, expires at: 1780450769825
[debug] [2026-06-03T00:55:19.818Z] Checked if tokens are valid: true, expires at: 1780450769825
[debug] [2026-06-03T00:55:19.818Z] Checked if tokens are valid: true, expires at: 1780450769825
[debug] [2026-06-03T00:55:19.818Z] Checked if tokens are valid: true, expires at: 1780450769825
[debug] [2026-06-03T00:55:19.818Z] Checked if tokens are valid: true, expires at: 1780450769825
[debug] [2026-06-03T00:55:19.818Z] Checked if tokens are valid: true, expires at: 1780450769825
[debug] [2026-06-03T00:55:19.818Z] Checked if tokens are valid: true, expires at: 1780450769825
[debug] [2026-06-03T00:55:19.818Z] Checked if tokens are valid: true, expires at: 1780450769825
[debug] [2026-06-03T00:55:19.818Z] Checked if tokens are valid: true, expires at: 1780450769825
[debug] [2026-06-03T00:55:19.818Z] Checked if tokens are valid: true, expires at: 1780450769825
[debug] [2026-06-03T00:55:19.818Z] Checked if tokens are valid: true, expires at: 1780450769825
[debug] [2026-06-03T00:55:19.818Z] Checked if tokens are valid: true, expires at: 1780450769825
[debug] [2026-06-03T00:55:19.818Z] Checked if tokens are valid: true, expires at: 1780450769825
[debug] [2026-06-03T00:55:19.818Z] Checked if tokens are valid: true, expires at: 1780450769825
[debug] [2026-06-03T00:55:19.818Z] Checked if tokens are valid: true, expires at: 1780450769825
[debug] [2026-06-03T00:55:19.818Z] Checked if tokens are valid: true, expires at: 1780450769825
[debug] [2026-06-03T00:55:19.818Z] Checked if tokens are valid: true, expires at: 1780450769825
[debug] [2026-06-03T00:55:19.818Z] Checked if tokens are valid: true, expires at: 1780450769825
[debug] [2026-06-03T00:55:19.818Z] Checked if tokens are valid: true, expires at: 1780450769825
[debug] [2026-06-03T00:55:19.819Z] Checked if tokens are valid: true, expires at: 1780450769825
[debug] [2026-06-03T00:55:19.819Z] Checked if tokens are valid: true, expires at: 1780450769825
[debug] [2026-06-03T00:55:19.819Z] Checked if tokens are valid: true, expires at: 1780450769825
[debug] [2026-06-03T00:55:19.819Z] Checked if tokens are valid: true, expires at: 1780450769825
[debug] [2026-06-03T00:55:19.819Z] Checked if tokens are valid: true, expires at: 1780450769825
[debug] [2026-06-03T00:55:19.819Z] Checked if tokens are valid: true, expires at: 1780450769825
[debug] [2026-06-03T00:55:19.820Z] Checked if tokens are valid: true, expires at: 1780450769825
[debug] [2026-06-03T00:55:19.820Z] Checked if tokens are valid: true, expires at: 1780450769825
[debug] [2026-06-03T00:55:19.820Z] Checked if tokens are valid: true, expires at: 1780450769825
[debug] [2026-06-03T00:55:19.820Z] Checked if tokens are valid: true, expires at: 1780450769825
[debug] [2026-06-03T00:55:19.820Z] Checked if tokens are valid: true, expires at: 1780450769825
[debug] [2026-06-03T00:55:19.820Z] Checked if tokens are valid: true, expires at: 1780450769825
[debug] [2026-06-03T00:55:19.820Z] Checked if tokens are valid: true, expires at: 1780450769825
[debug] [2026-06-03T00:55:19.820Z] Checked if tokens are valid: true, expires at: 1780450769825
[debug] [2026-06-03T00:55:19.820Z] Checked if tokens are valid: true, expires at: 1780450769825
[debug] [2026-06-03T00:55:19.820Z] Checked if tokens are valid: true, expires at: 1780450769825
[debug] [2026-06-03T00:55:19.820Z] Checked if tokens are valid: true, expires at: 1780450769825
[debug] [2026-06-03T00:55:19.820Z] Checked if tokens are valid: true, expires at: 1780450769825
[debug] [2026-06-03T00:55:19.821Z] Checked if tokens are valid: true, expires at: 1780450769825
[debug] [2026-06-03T00:55:19.821Z] Checked if tokens are valid: true, expires at: 1780450769825
[debug] [2026-06-03T00:55:19.821Z] Checked if tokens are valid: true, expires at: 1780450769825
[debug] [2026-06-03T00:55:19.821Z] Checked if tokens are valid: true, expires at: 1780450769825
[debug] [2026-06-03T00:55:19.821Z] Checked if tokens are valid: true, expires at: 1780450769825
[debug] [2026-06-03T00:55:19.821Z] Checked if tokens are valid: true, expires at: 1780450769825
[debug] [2026-06-03T00:55:19.821Z] Checked if tokens are valid: true, expires at: 1780450769825
[debug] [2026-06-03T00:55:19.821Z] Checked if tokens are valid: true, expires at: 1780450769825
[debug] [2026-06-03T00:55:19.821Z] Checked if tokens are valid: true, expires at: 1780450769825
[debug] [2026-06-03T00:55:19.821Z] Checked if tokens are valid: true, expires at: 1780450769825
[debug] [2026-06-03T00:55:19.821Z] Checked if tokens are valid: true, expires at: 1780450769825
[debug] [2026-06-03T00:55:19.821Z] Checked if tokens are valid: true, expires at: 1780450769825
[debug] [2026-06-03T00:55:19.821Z] Checked if tokens are valid: true, expires at: 1780450769825
[debug] [2026-06-03T00:55:19.821Z] Checked if tokens are valid: true, expires at: 1780450769825
[debug] [2026-06-03T00:55:19.821Z] Checked if tokens are valid: true, expires at: 1780450769825
[debug] [2026-06-03T00:55:19.821Z] Checked if tokens are valid: true, expires at: 1780450769825
[debug] [2026-06-03T00:55:19.821Z] Checked if tokens are valid: true, expires at: 1780450769825
[debug] [2026-06-03T00:55:19.821Z] Checked if tokens are valid: true, expires at: 1780450769825
[debug] [2026-06-03T00:55:19.821Z] Checked if tokens are valid: true, expires at: 1780450769825
[debug] [2026-06-03T00:55:19.821Z] Checked if tokens are valid: true, expires at: 1780450769825
[debug] [2026-06-03T00:55:19.821Z] Checked if tokens are valid: true, expires at: 1780450769825
[debug] [2026-06-03T00:55:19.821Z] Checked if tokens are valid: true, expires at: 1780450769825
[debug] [2026-06-03T00:55:19.821Z] Checked if tokens are valid: true, expires at: 1780450769825
[debug] [2026-06-03T00:55:19.821Z] Checked if tokens are valid: true, expires at: 1780450769825
[debug] [2026-06-03T00:55:19.822Z] Checked if tokens are valid: true, expires at: 1780450769825
[debug] [2026-06-03T00:55:19.822Z] Checked if tokens are valid: true, expires at: 1780450769825
[debug] [2026-06-03T00:55:19.822Z] Checked if tokens are valid: true, expires at: 1780450769825
[debug] [2026-06-03T00:55:19.822Z] Checked if tokens are valid: true, expires at: 1780450769825
[debug] [2026-06-03T00:55:19.822Z] Checked if tokens are valid: true, expires at: 1780450769825
[debug] [2026-06-03T00:55:19.822Z] Checked if tokens are valid: true, expires at: 1780450769825
[debug] [2026-06-03T00:55:19.822Z] Checked if tokens are valid: true, expires at: 1780450769825
[debug] [2026-06-03T00:55:19.822Z] Checked if tokens are valid: true, expires at: 1780450769825
[debug] [2026-06-03T00:55:19.822Z] Checked if tokens are valid: true, expires at: 1780450769825
[debug] [2026-06-03T00:55:19.822Z] Checked if tokens are valid: true, expires at: 1780450769825
[debug] [2026-06-03T00:55:19.823Z] Checked if tokens are valid: true, expires at: 1780450769825
[debug] [2026-06-03T00:55:19.823Z] Checked if tokens are valid: true, expires at: 1780450769825
[debug] [2026-06-03T00:55:19.823Z] Checked if tokens are valid: true, expires at: 1780450769825
[debug] [2026-06-03T00:55:19.823Z] Checked if tokens are valid: true, expires at: 1780450769825
[debug] [2026-06-03T00:55:19.823Z] Checked if tokens are valid: true, expires at: 1780450769825
[debug] [2026-06-03T00:55:19.823Z] Checked if tokens are valid: true, expires at: 1780450769825
[debug] [2026-06-03T00:55:19.823Z] Checked if tokens are valid: true, expires at: 1780450769825
[debug] [2026-06-03T00:55:19.823Z] Checked if tokens are valid: true, expires at: 1780450769825
[debug] [2026-06-03T00:55:19.823Z] Checked if tokens are valid: true, expires at: 1780450769825
[debug] [2026-06-03T00:55:19.823Z] Checked if tokens are valid: true, expires at: 1780450769825
[debug] [2026-06-03T00:55:19.824Z] Checked if tokens are valid: true, expires at: 1780450769825
[debug] [2026-06-03T00:55:19.824Z] Checked if tokens are valid: true, expires at: 1780450769825
[debug] [2026-06-03T00:55:19.824Z] Checked if tokens are valid: true, expires at: 1780450769825
[debug] [2026-06-03T00:55:19.824Z] Checked if tokens are valid: true, expires at: 1780450769825
[debug] [2026-06-03T00:55:19.824Z] Checked if tokens are valid: true, expires at: 1780450769825
[debug] [2026-06-03T00:55:19.824Z] Checked if tokens are valid: true, expires at: 1780450769825
[debug] [2026-06-03T00:55:19.824Z] Checked if tokens are valid: true, expires at: 1780450769825
[debug] [2026-06-03T00:55:19.824Z] Checked if tokens are valid: true, expires at: 1780450769825
[debug] [2026-06-03T00:55:19.824Z] Checked if tokens are valid: true, expires at: 1780450769825
[debug] [2026-06-03T00:55:19.824Z] Checked if tokens are valid: true, expires at: 1780450769825
[debug] [2026-06-03T00:55:19.824Z] >>> [apiv2][query] POST https://upload-firebasehosting.googleapis.com/upload/sites/qiu-ai-video-2026-web/versions/6616c6bae8669418/files/46d9ad67cc243ad94e3c2899e931686cd45e157491de63f2d901582b27d4e45b [none]
[debug] [2026-06-03T00:55:19.824Z] >>> [apiv2][body] POST https://upload-firebasehosting.googleapis.com/upload/sites/qiu-ai-video-2026-web/versions/6616c6bae8669418/files/46d9ad67cc243ad94e3c2899e931686cd45e157491de63f2d901582b27d4e45b [stream]
[debug] [2026-06-03T00:55:19.830Z] >>> [apiv2][query] POST https://upload-firebasehosting.googleapis.com/upload/sites/qiu-ai-video-2026-web/versions/6616c6bae8669418/files/a39dc51e21d1523cdef2091e7c7ab30a33ad42a7cd5da1f45139746e5c24b667 [none]
[debug] [2026-06-03T00:55:19.830Z] >>> [apiv2][body] POST https://upload-firebasehosting.googleapis.com/upload/sites/qiu-ai-video-2026-web/versions/6616c6bae8669418/files/a39dc51e21d1523cdef2091e7c7ab30a33ad42a7cd5da1f45139746e5c24b667 [stream]
[debug] [2026-06-03T00:55:19.831Z] >>> [apiv2][query] POST https://upload-firebasehosting.googleapis.com/upload/sites/qiu-ai-video-2026-web/versions/6616c6bae8669418/files/9a694286f0a981ecef83599c25bd07ba7869726351435f9dfad513ce54a16eba [none]
[debug] [2026-06-03T00:55:19.831Z] >>> [apiv2][body] POST https://upload-firebasehosting.googleapis.com/upload/sites/qiu-ai-video-2026-web/versions/6616c6bae8669418/files/9a694286f0a981ecef83599c25bd07ba7869726351435f9dfad513ce54a16eba [stream]
[debug] [2026-06-03T00:55:19.831Z] >>> [apiv2][query] POST https://upload-firebasehosting.googleapis.com/upload/sites/qiu-ai-video-2026-web/versions/6616c6bae8669418/files/d80717aec73322e5b189c52f5d2f13033fd07d1702a21c5395583d89cf7c8c2d [none]
[debug] [2026-06-03T00:55:19.831Z] >>> [apiv2][body] POST https://upload-firebasehosting.googleapis.com/upload/sites/qiu-ai-video-2026-web/versions/6616c6bae8669418/files/d80717aec73322e5b189c52f5d2f13033fd07d1702a21c5395583d89cf7c8c2d [stream]
[debug] [2026-06-03T00:55:19.831Z] >>> [apiv2][query] POST https://upload-firebasehosting.googleapis.com/upload/sites/qiu-ai-video-2026-web/versions/6616c6bae8669418/files/69bb73fa446dc095401aebeed6e9567f148a70b49dddb7007d7dd0bd2758a570 [none]
[debug] [2026-06-03T00:55:19.831Z] >>> [apiv2][body] POST https://upload-firebasehosting.googleapis.com/upload/sites/qiu-ai-video-2026-web/versions/6616c6bae8669418/files/69bb73fa446dc095401aebeed6e9567f148a70b49dddb7007d7dd0bd2758a570 [stream]
[debug] [2026-06-03T00:55:19.832Z] >>> [apiv2][query] POST https://upload-firebasehosting.googleapis.com/upload/sites/qiu-ai-video-2026-web/versions/6616c6bae8669418/files/50951f267aa86ccd6afdd5aab7ff5720c1bcc0d6284593937d9d221b913a379b [none]
[debug] [2026-06-03T00:55:19.832Z] >>> [apiv2][body] POST https://upload-firebasehosting.googleapis.com/upload/sites/qiu-ai-video-2026-web/versions/6616c6bae8669418/files/50951f267aa86ccd6afdd5aab7ff5720c1bcc0d6284593937d9d221b913a379b [stream]
[debug] [2026-06-03T00:55:19.832Z] >>> [apiv2][query] POST https://upload-firebasehosting.googleapis.com/upload/sites/qiu-ai-video-2026-web/versions/6616c6bae8669418/files/08cb2cf40b9e46a42d3a75bbec599f2566f5f5528026203ef762a502a09b50cf [none]
[debug] [2026-06-03T00:55:19.832Z] >>> [apiv2][body] POST https://upload-firebasehosting.googleapis.com/upload/sites/qiu-ai-video-2026-web/versions/6616c6bae8669418/files/08cb2cf40b9e46a42d3a75bbec599f2566f5f5528026203ef762a502a09b50cf [stream]
[debug] [2026-06-03T00:55:19.833Z] >>> [apiv2][query] POST https://upload-firebasehosting.googleapis.com/upload/sites/qiu-ai-video-2026-web/versions/6616c6bae8669418/files/b25dcb2b59da0129e34cb8be1c17eacd0556c24682309d01c67315c0ce84b7b9 [none]
[debug] [2026-06-03T00:55:19.833Z] >>> [apiv2][body] POST https://upload-firebasehosting.googleapis.com/upload/sites/qiu-ai-video-2026-web/versions/6616c6bae8669418/files/b25dcb2b59da0129e34cb8be1c17eacd0556c24682309d01c67315c0ce84b7b9 [stream]
[debug] [2026-06-03T00:55:19.834Z] >>> [apiv2][query] POST https://upload-firebasehosting.googleapis.com/upload/sites/qiu-ai-video-2026-web/versions/6616c6bae8669418/files/2d5b63bccaa04c06503693498e71666a4bfd72341a5f3b26aaf6c5397390f784 [none]
[debug] [2026-06-03T00:55:19.834Z] >>> [apiv2][body] POST https://upload-firebasehosting.googleapis.com/upload/sites/qiu-ai-video-2026-web/versions/6616c6bae8669418/files/2d5b63bccaa04c06503693498e71666a4bfd72341a5f3b26aaf6c5397390f784 [stream]
[debug] [2026-06-03T00:55:19.834Z] >>> [apiv2][query] POST https://upload-firebasehosting.googleapis.com/upload/sites/qiu-ai-video-2026-web/versions/6616c6bae8669418/files/c13054f1cfa70df84647227edc82cd358af2da0dc79d121ca18e0f501de4d01b [none]
[debug] [2026-06-03T00:55:19.834Z] >>> [apiv2][body] POST https://upload-firebasehosting.googleapis.com/upload/sites/qiu-ai-video-2026-web/versions/6616c6bae8669418/files/c13054f1cfa70df84647227edc82cd358af2da0dc79d121ca18e0f501de4d01b [stream]
[debug] [2026-06-03T00:55:19.836Z] >>> [apiv2][query] POST https://upload-firebasehosting.googleapis.com/upload/sites/qiu-ai-video-2026-web/versions/6616c6bae8669418/files/a2bcf18f129bb5bac3bccb2de5d7121819467bf028c020abff3e3ba8a5bd6b51 [none]
[debug] [2026-06-03T00:55:19.836Z] >>> [apiv2][body] POST https://upload-firebasehosting.googleapis.com/upload/sites/qiu-ai-video-2026-web/versions/6616c6bae8669418/files/a2bcf18f129bb5bac3bccb2de5d7121819467bf028c020abff3e3ba8a5bd6b51 [stream]
[debug] [2026-06-03T00:55:19.837Z] >>> [apiv2][query] POST https://upload-firebasehosting.googleapis.com/upload/sites/qiu-ai-video-2026-web/versions/6616c6bae8669418/files/109e53b223e9befc5ec87b02aa5d6edd155b30f5c5678abf874508c2268077c8 [none]
[debug] [2026-06-03T00:55:19.837Z] >>> [apiv2][body] POST https://upload-firebasehosting.googleapis.com/upload/sites/qiu-ai-video-2026-web/versions/6616c6bae8669418/files/109e53b223e9befc5ec87b02aa5d6edd155b30f5c5678abf874508c2268077c8 [stream]
[debug] [2026-06-03T00:55:19.838Z] >>> [apiv2][query] POST https://upload-firebasehosting.googleapis.com/upload/sites/qiu-ai-video-2026-web/versions/6616c6bae8669418/files/78eebf02c70dae9699b0c164c55042b13684d99dfe3f8feb61e7ce5e8b14b2a7 [none]
[debug] [2026-06-03T00:55:19.838Z] >>> [apiv2][body] POST https://upload-firebasehosting.googleapis.com/upload/sites/qiu-ai-video-2026-web/versions/6616c6bae8669418/files/78eebf02c70dae9699b0c164c55042b13684d99dfe3f8feb61e7ce5e8b14b2a7 [stream]
[debug] [2026-06-03T00:55:19.839Z] >>> [apiv2][query] POST https://upload-firebasehosting.googleapis.com/upload/sites/qiu-ai-video-2026-web/versions/6616c6bae8669418/files/b2b4b41c220f7538453a36b19427a82358a5bc8a39a99d959ea72f68f945b325 [none]
[debug] [2026-06-03T00:55:19.839Z] >>> [apiv2][body] POST https://upload-firebasehosting.googleapis.com/upload/sites/qiu-ai-video-2026-web/versions/6616c6bae8669418/files/b2b4b41c220f7538453a36b19427a82358a5bc8a39a99d959ea72f68f945b325 [stream]
[debug] [2026-06-03T00:55:19.840Z] >>> [apiv2][query] POST https://upload-firebasehosting.googleapis.com/upload/sites/qiu-ai-video-2026-web/versions/6616c6bae8669418/files/233eb4792ce783ee1bbb334b9e21c04a5b1e2c9c4adce2cb06045134de8eb2c5 [none]
[debug] [2026-06-03T00:55:19.840Z] >>> [apiv2][body] POST https://upload-firebasehosting.googleapis.com/upload/sites/qiu-ai-video-2026-web/versions/6616c6bae8669418/files/233eb4792ce783ee1bbb334b9e21c04a5b1e2c9c4adce2cb06045134de8eb2c5 [stream]
[debug] [2026-06-03T00:55:19.840Z] >>> [apiv2][query] POST https://upload-firebasehosting.googleapis.com/upload/sites/qiu-ai-video-2026-web/versions/6616c6bae8669418/files/672d7f4f28873a2556fbefd1d45114b839ef179d97e35d68921a10a99eb73e87 [none]
[debug] [2026-06-03T00:55:19.840Z] >>> [apiv2][body] POST https://upload-firebasehosting.googleapis.com/upload/sites/qiu-ai-video-2026-web/versions/6616c6bae8669418/files/672d7f4f28873a2556fbefd1d45114b839ef179d97e35d68921a10a99eb73e87 [stream]
[debug] [2026-06-03T00:55:19.840Z] >>> [apiv2][query] POST https://upload-firebasehosting.googleapis.com/upload/sites/qiu-ai-video-2026-web/versions/6616c6bae8669418/files/82c91768145d926ff8b0699586be126ddc7335658d9446d705e16bbd7794664f [none]
[debug] [2026-06-03T00:55:19.840Z] >>> [apiv2][body] POST https://upload-firebasehosting.googleapis.com/upload/sites/qiu-ai-video-2026-web/versions/6616c6bae8669418/files/82c91768145d926ff8b0699586be126ddc7335658d9446d705e16bbd7794664f [stream]
[debug] [2026-06-03T00:55:19.841Z] >>> [apiv2][query] POST https://upload-firebasehosting.googleapis.com/upload/sites/qiu-ai-video-2026-web/versions/6616c6bae8669418/files/ef4f68484a2ffb3a2cc0cd425a48d363dbb8a73002a0920c44fd18242d766f8d [none]
[debug] [2026-06-03T00:55:19.841Z] >>> [apiv2][body] POST https://upload-firebasehosting.googleapis.com/upload/sites/qiu-ai-video-2026-web/versions/6616c6bae8669418/files/ef4f68484a2ffb3a2cc0cd425a48d363dbb8a73002a0920c44fd18242d766f8d [stream]
[debug] [2026-06-03T00:55:19.841Z] >>> [apiv2][query] POST https://upload-firebasehosting.googleapis.com/upload/sites/qiu-ai-video-2026-web/versions/6616c6bae8669418/files/b48eb4b64acb3f26526c96890ef40700e40b96df019a5331e4bcbfbfd3a52ab2 [none]
[debug] [2026-06-03T00:55:19.841Z] >>> [apiv2][body] POST https://upload-firebasehosting.googleapis.com/upload/sites/qiu-ai-video-2026-web/versions/6616c6bae8669418/files/b48eb4b64acb3f26526c96890ef40700e40b96df019a5331e4bcbfbfd3a52ab2 [stream]
[debug] [2026-06-03T00:55:19.841Z] >>> [apiv2][query] POST https://upload-firebasehosting.googleapis.com/upload/sites/qiu-ai-video-2026-web/versions/6616c6bae8669418/files/29506854621dffc32df9fe186a0a73a45fb3b095ff94c81e42018c9dcea20c10 [none]
[debug] [2026-06-03T00:55:19.841Z] >>> [apiv2][body] POST https://upload-firebasehosting.googleapis.com/upload/sites/qiu-ai-video-2026-web/versions/6616c6bae8669418/files/29506854621dffc32df9fe186a0a73a45fb3b095ff94c81e42018c9dcea20c10 [stream]
[debug] [2026-06-03T00:55:19.841Z] >>> [apiv2][query] POST https://upload-firebasehosting.googleapis.com/upload/sites/qiu-ai-video-2026-web/versions/6616c6bae8669418/files/2b2ca0e45ed128d9c96b91e491cc48d64bec04b3225fbde5f0a5b7757c479ba0 [none]
[debug] [2026-06-03T00:55:19.841Z] >>> [apiv2][body] POST https://upload-firebasehosting.googleapis.com/upload/sites/qiu-ai-video-2026-web/versions/6616c6bae8669418/files/2b2ca0e45ed128d9c96b91e491cc48d64bec04b3225fbde5f0a5b7757c479ba0 [stream]
[debug] [2026-06-03T00:55:19.841Z] >>> [apiv2][query] POST https://upload-firebasehosting.googleapis.com/upload/sites/qiu-ai-video-2026-web/versions/6616c6bae8669418/files/e3176b8cb3a540f7e60461833b6cafec7d124baff6f4697bd75690e82bdc53fb [none]
[debug] [2026-06-03T00:55:19.842Z] >>> [apiv2][body] POST https://upload-firebasehosting.googleapis.com/upload/sites/qiu-ai-video-2026-web/versions/6616c6bae8669418/files/e3176b8cb3a540f7e60461833b6cafec7d124baff6f4697bd75690e82bdc53fb [stream]
[debug] [2026-06-03T00:55:19.843Z] >>> [apiv2][query] POST https://upload-firebasehosting.googleapis.com/upload/sites/qiu-ai-video-2026-web/versions/6616c6bae8669418/files/46c90b83c4864d28a35d4bdbf51d668333735fd3cf8d09e7702748c086a77d39 [none]
[debug] [2026-06-03T00:55:19.843Z] >>> [apiv2][body] POST https://upload-firebasehosting.googleapis.com/upload/sites/qiu-ai-video-2026-web/versions/6616c6bae8669418/files/46c90b83c4864d28a35d4bdbf51d668333735fd3cf8d09e7702748c086a77d39 [stream]
[debug] [2026-06-03T00:55:19.845Z] >>> [apiv2][query] POST https://upload-firebasehosting.googleapis.com/upload/sites/qiu-ai-video-2026-web/versions/6616c6bae8669418/files/0701373f4ae2ea64873426287d7255111f9ed4ad878c3cf7ed8369f2f30356d1 [none]
[debug] [2026-06-03T00:55:19.845Z] >>> [apiv2][body] POST https://upload-firebasehosting.googleapis.com/upload/sites/qiu-ai-video-2026-web/versions/6616c6bae8669418/files/0701373f4ae2ea64873426287d7255111f9ed4ad878c3cf7ed8369f2f30356d1 [stream]
[debug] [2026-06-03T00:55:19.845Z] >>> [apiv2][query] POST https://upload-firebasehosting.googleapis.com/upload/sites/qiu-ai-video-2026-web/versions/6616c6bae8669418/files/ceefb36f9102e220fa498bebf7d34788b2186bec2de1374031cdc684d485e970 [none]
[debug] [2026-06-03T00:55:19.845Z] >>> [apiv2][body] POST https://upload-firebasehosting.googleapis.com/upload/sites/qiu-ai-video-2026-web/versions/6616c6bae8669418/files/ceefb36f9102e220fa498bebf7d34788b2186bec2de1374031cdc684d485e970 [stream]
[debug] [2026-06-03T00:55:19.845Z] >>> [apiv2][query] POST https://upload-firebasehosting.googleapis.com/upload/sites/qiu-ai-video-2026-web/versions/6616c6bae8669418/files/137ff9bbd4dc6eaea7ae0d8888bac67e51d2bcb77cab41eb603cb1f1f440392e [none]
[debug] [2026-06-03T00:55:19.845Z] >>> [apiv2][body] POST https://upload-firebasehosting.googleapis.com/upload/sites/qiu-ai-video-2026-web/versions/6616c6bae8669418/files/137ff9bbd4dc6eaea7ae0d8888bac67e51d2bcb77cab41eb603cb1f1f440392e [stream]
[debug] [2026-06-03T00:55:19.846Z] >>> [apiv2][query] POST https://upload-firebasehosting.googleapis.com/upload/sites/qiu-ai-video-2026-web/versions/6616c6bae8669418/files/553543b3472f0d5661b8da5e37f54a56cc2a6e5387aea198956fe945573a605f [none]
[debug] [2026-06-03T00:55:19.846Z] >>> [apiv2][body] POST https://upload-firebasehosting.googleapis.com/upload/sites/qiu-ai-video-2026-web/versions/6616c6bae8669418/files/553543b3472f0d5661b8da5e37f54a56cc2a6e5387aea198956fe945573a605f [stream]
[debug] [2026-06-03T00:55:19.846Z] >>> [apiv2][query] POST https://upload-firebasehosting.googleapis.com/upload/sites/qiu-ai-video-2026-web/versions/6616c6bae8669418/files/921ee33968e37ce126375439514fdfb9eb11d3a71b27f9dc4661047f4e86aeeb [none]
[debug] [2026-06-03T00:55:19.846Z] >>> [apiv2][body] POST https://upload-firebasehosting.googleapis.com/upload/sites/qiu-ai-video-2026-web/versions/6616c6bae8669418/files/921ee33968e37ce126375439514fdfb9eb11d3a71b27f9dc4661047f4e86aeeb [stream]
[debug] [2026-06-03T00:55:19.846Z] >>> [apiv2][query] POST https://upload-firebasehosting.googleapis.com/upload/sites/qiu-ai-video-2026-web/versions/6616c6bae8669418/files/b320ad8c398320942123ad2d28e036f7ec65561d406cce53a7e52cee45a53699 [none]
[debug] [2026-06-03T00:55:19.846Z] >>> [apiv2][body] POST https://upload-firebasehosting.googleapis.com/upload/sites/qiu-ai-video-2026-web/versions/6616c6bae8669418/files/b320ad8c398320942123ad2d28e036f7ec65561d406cce53a7e52cee45a53699 [stream]
[debug] [2026-06-03T00:55:19.847Z] >>> [apiv2][query] POST https://upload-firebasehosting.googleapis.com/upload/sites/qiu-ai-video-2026-web/versions/6616c6bae8669418/files/d7e81c6b2e2382d7e1573beda00238696e29e744f06cee32a35bf398a36affeb [none]
[debug] [2026-06-03T00:55:19.847Z] >>> [apiv2][body] POST https://upload-firebasehosting.googleapis.com/upload/sites/qiu-ai-video-2026-web/versions/6616c6bae8669418/files/d7e81c6b2e2382d7e1573beda00238696e29e744f06cee32a35bf398a36affeb [stream]
[debug] [2026-06-03T00:55:19.847Z] >>> [apiv2][query] POST https://upload-firebasehosting.googleapis.com/upload/sites/qiu-ai-video-2026-web/versions/6616c6bae8669418/files/00bea984674789a43e3c3a4a33d098b2d5ab039db231775db1de4923b409e53a [none]
[debug] [2026-06-03T00:55:19.847Z] >>> [apiv2][body] POST https://upload-firebasehosting.googleapis.com/upload/sites/qiu-ai-video-2026-web/versions/6616c6bae8669418/files/00bea984674789a43e3c3a4a33d098b2d5ab039db231775db1de4923b409e53a [stream]
[debug] [2026-06-03T00:55:19.848Z] >>> [apiv2][query] POST https://upload-firebasehosting.googleapis.com/upload/sites/qiu-ai-video-2026-web/versions/6616c6bae8669418/files/df43526e35b386c84adfc7dea1bfc1b816950217bf2efc3577623490d403b3d9 [none]
[debug] [2026-06-03T00:55:19.848Z] >>> [apiv2][body] POST https://upload-firebasehosting.googleapis.com/upload/sites/qiu-ai-video-2026-web/versions/6616c6bae8669418/files/df43526e35b386c84adfc7dea1bfc1b816950217bf2efc3577623490d403b3d9 [stream]
[debug] [2026-06-03T00:55:19.848Z] >>> [apiv2][query] POST https://upload-firebasehosting.googleapis.com/upload/sites/qiu-ai-video-2026-web/versions/6616c6bae8669418/files/6584811038820a9f283d92a263b2a59f53df2548e7a9c4dddee49b063b31c8fd [none]
[debug] [2026-06-03T00:55:19.848Z] >>> [apiv2][body] POST https://upload-firebasehosting.googleapis.com/upload/sites/qiu-ai-video-2026-web/versions/6616c6bae8669418/files/6584811038820a9f283d92a263b2a59f53df2548e7a9c4dddee49b063b31c8fd [stream]
[debug] [2026-06-03T00:55:19.848Z] >>> [apiv2][query] POST https://upload-firebasehosting.googleapis.com/upload/sites/qiu-ai-video-2026-web/versions/6616c6bae8669418/files/a8b1c92ead8342bf60b849ad99bed65089c6ccc142e467d62287307902055d72 [none]
[debug] [2026-06-03T00:55:19.848Z] >>> [apiv2][body] POST https://upload-firebasehosting.googleapis.com/upload/sites/qiu-ai-video-2026-web/versions/6616c6bae8669418/files/a8b1c92ead8342bf60b849ad99bed65089c6ccc142e467d62287307902055d72 [stream]
[debug] [2026-06-03T00:55:19.849Z] >>> [apiv2][query] POST https://upload-firebasehosting.googleapis.com/upload/sites/qiu-ai-video-2026-web/versions/6616c6bae8669418/files/3b3329e39ca1e22926a0a879001382133a58803ad6b4c051aba61d2fa162d847 [none]
[debug] [2026-06-03T00:55:19.849Z] >>> [apiv2][body] POST https://upload-firebasehosting.googleapis.com/upload/sites/qiu-ai-video-2026-web/versions/6616c6bae8669418/files/3b3329e39ca1e22926a0a879001382133a58803ad6b4c051aba61d2fa162d847 [stream]
[debug] [2026-06-03T00:55:19.849Z] >>> [apiv2][query] POST https://upload-firebasehosting.googleapis.com/upload/sites/qiu-ai-video-2026-web/versions/6616c6bae8669418/files/dda3366b656cc614c25e85cf76048770097975d65d6186c65e8bda9375fdcc74 [none]
[debug] [2026-06-03T00:55:19.849Z] >>> [apiv2][body] POST https://upload-firebasehosting.googleapis.com/upload/sites/qiu-ai-video-2026-web/versions/6616c6bae8669418/files/dda3366b656cc614c25e85cf76048770097975d65d6186c65e8bda9375fdcc74 [stream]
[debug] [2026-06-03T00:55:19.849Z] >>> [apiv2][query] POST https://upload-firebasehosting.googleapis.com/upload/sites/qiu-ai-video-2026-web/versions/6616c6bae8669418/files/5f616dbdc6c89638f251eedc62f9535695f62e1bf67cd536dd6385c600ca97ac [none]
[debug] [2026-06-03T00:55:19.849Z] >>> [apiv2][body] POST https://upload-firebasehosting.googleapis.com/upload/sites/qiu-ai-video-2026-web/versions/6616c6bae8669418/files/5f616dbdc6c89638f251eedc62f9535695f62e1bf67cd536dd6385c600ca97ac [stream]
[debug] [2026-06-03T00:55:19.849Z] >>> [apiv2][query] POST https://upload-firebasehosting.googleapis.com/upload/sites/qiu-ai-video-2026-web/versions/6616c6bae8669418/files/21698bb9cc236ed557dfd28414c4c46a690d7fb639a6f8c3a236a941ae14243e [none]
[debug] [2026-06-03T00:55:19.849Z] >>> [apiv2][body] POST https://upload-firebasehosting.googleapis.com/upload/sites/qiu-ai-video-2026-web/versions/6616c6bae8669418/files/21698bb9cc236ed557dfd28414c4c46a690d7fb639a6f8c3a236a941ae14243e [stream]
[debug] [2026-06-03T00:55:19.849Z] >>> [apiv2][query] POST https://upload-firebasehosting.googleapis.com/upload/sites/qiu-ai-video-2026-web/versions/6616c6bae8669418/files/40700c1b74ce51df87e3c70f999057b21b84cac1b07624949356c172b10955b3 [none]
[debug] [2026-06-03T00:55:19.849Z] >>> [apiv2][body] POST https://upload-firebasehosting.googleapis.com/upload/sites/qiu-ai-video-2026-web/versions/6616c6bae8669418/files/40700c1b74ce51df87e3c70f999057b21b84cac1b07624949356c172b10955b3 [stream]
[debug] [2026-06-03T00:55:19.850Z] >>> [apiv2][query] POST https://upload-firebasehosting.googleapis.com/upload/sites/qiu-ai-video-2026-web/versions/6616c6bae8669418/files/b10e235e8e631c62cf8970a23fcb25102f823e835384ecad0c7b1c463a2a6cb0 [none]
[debug] [2026-06-03T00:55:19.850Z] >>> [apiv2][body] POST https://upload-firebasehosting.googleapis.com/upload/sites/qiu-ai-video-2026-web/versions/6616c6bae8669418/files/b10e235e8e631c62cf8970a23fcb25102f823e835384ecad0c7b1c463a2a6cb0 [stream]
[debug] [2026-06-03T00:55:19.850Z] >>> [apiv2][query] POST https://upload-firebasehosting.googleapis.com/upload/sites/qiu-ai-video-2026-web/versions/6616c6bae8669418/files/a0fc76c88a6b334b123f05192f7c0c90c737a0260ade6061f6a3d470afa3ad8c [none]
[debug] [2026-06-03T00:55:19.850Z] >>> [apiv2][body] POST https://upload-firebasehosting.googleapis.com/upload/sites/qiu-ai-video-2026-web/versions/6616c6bae8669418/files/a0fc76c88a6b334b123f05192f7c0c90c737a0260ade6061f6a3d470afa3ad8c [stream]
[debug] [2026-06-03T00:55:19.850Z] >>> [apiv2][query] POST https://upload-firebasehosting.googleapis.com/upload/sites/qiu-ai-video-2026-web/versions/6616c6bae8669418/files/2ae821d81705a7ffa1447b958221f2c3d3c603ffcfa443246748cdb089eb2638 [none]
[debug] [2026-06-03T00:55:19.850Z] >>> [apiv2][body] POST https://upload-firebasehosting.googleapis.com/upload/sites/qiu-ai-video-2026-web/versions/6616c6bae8669418/files/2ae821d81705a7ffa1447b958221f2c3d3c603ffcfa443246748cdb089eb2638 [stream]
[debug] [2026-06-03T00:55:19.850Z] >>> [apiv2][query] POST https://upload-firebasehosting.googleapis.com/upload/sites/qiu-ai-video-2026-web/versions/6616c6bae8669418/files/630f342d1191f0360553b2bfcae2d1801002847b63b3834404fceb59ec47de98 [none]
[debug] [2026-06-03T00:55:19.850Z] >>> [apiv2][body] POST https://upload-firebasehosting.googleapis.com/upload/sites/qiu-ai-video-2026-web/versions/6616c6bae8669418/files/630f342d1191f0360553b2bfcae2d1801002847b63b3834404fceb59ec47de98 [stream]
[debug] [2026-06-03T00:55:19.851Z] >>> [apiv2][query] POST https://upload-firebasehosting.googleapis.com/upload/sites/qiu-ai-video-2026-web/versions/6616c6bae8669418/files/7bfe8e198f5913be0ad5086fd510fea54cf410b9b2359ac5f7bcd5e15ed3f39d [none]
[debug] [2026-06-03T00:55:19.851Z] >>> [apiv2][body] POST https://upload-firebasehosting.googleapis.com/upload/sites/qiu-ai-video-2026-web/versions/6616c6bae8669418/files/7bfe8e198f5913be0ad5086fd510fea54cf410b9b2359ac5f7bcd5e15ed3f39d [stream]
[debug] [2026-06-03T00:55:19.851Z] >>> [apiv2][query] POST https://upload-firebasehosting.googleapis.com/upload/sites/qiu-ai-video-2026-web/versions/6616c6bae8669418/files/6d6ba298a4ade37772ea29e4d203d154fda7cc1f2260eed19dbf21d53a4908ec [none]
[debug] [2026-06-03T00:55:19.851Z] >>> [apiv2][body] POST https://upload-firebasehosting.googleapis.com/upload/sites/qiu-ai-video-2026-web/versions/6616c6bae8669418/files/6d6ba298a4ade37772ea29e4d203d154fda7cc1f2260eed19dbf21d53a4908ec [stream]
[debug] [2026-06-03T00:55:19.851Z] >>> [apiv2][query] POST https://upload-firebasehosting.googleapis.com/upload/sites/qiu-ai-video-2026-web/versions/6616c6bae8669418/files/1b31cda47d2f824067c88cee5e7d61f083acb23b54a79d2c34e7620c3f209e9c [none]
[debug] [2026-06-03T00:55:19.851Z] >>> [apiv2][body] POST https://upload-firebasehosting.googleapis.com/upload/sites/qiu-ai-video-2026-web/versions/6616c6bae8669418/files/1b31cda47d2f824067c88cee5e7d61f083acb23b54a79d2c34e7620c3f209e9c [stream]
[debug] [2026-06-03T00:55:19.852Z] >>> [apiv2][query] POST https://upload-firebasehosting.googleapis.com/upload/sites/qiu-ai-video-2026-web/versions/6616c6bae8669418/files/62ca2c180d2ebfcd1000052da5874624605d806fbeb55e64095b0f6ebedc55da [none]
[debug] [2026-06-03T00:55:19.852Z] >>> [apiv2][body] POST https://upload-firebasehosting.googleapis.com/upload/sites/qiu-ai-video-2026-web/versions/6616c6bae8669418/files/62ca2c180d2ebfcd1000052da5874624605d806fbeb55e64095b0f6ebedc55da [stream]
[debug] [2026-06-03T00:55:19.852Z] [hosting][populate queue][FINAL] {"max":1117,"min":1117,"avg":1117,"active":0,"complete":1,"success":1,"errored":0,"retried":0,"total":1,"elapsed":1145}
[debug] [2026-06-03T00:55:19.852Z] [hosting] uploads queued: 47
[info] i  hosting: uploading new files [0/47] (0%) 
[debug] [2026-06-03T00:55:21.218Z] <<< [apiv2][status] POST https://upload-firebasehosting.googleapis.com/upload/sites/qiu-ai-video-2026-web/versions/6616c6bae8669418/files/69bb73fa446dc095401aebeed6e9567f148a70b49dddb7007d7dd0bd2758a570 200
[debug] [2026-06-03T00:55:21.218Z] <<< [apiv2][body] POST https://upload-firebasehosting.googleapis.com/upload/sites/qiu-ai-video-2026-web/versions/6616c6bae8669418/files/69bb73fa446dc095401aebeed6e9567f148a70b49dddb7007d7dd0bd2758a570 [stream]
[debug] [2026-06-03T00:55:21.248Z] <<< [apiv2][status] POST https://upload-firebasehosting.googleapis.com/upload/sites/qiu-ai-video-2026-web/versions/6616c6bae8669418/files/2b2ca0e45ed128d9c96b91e491cc48d64bec04b3225fbde5f0a5b7757c479ba0 200
[debug] [2026-06-03T00:55:21.248Z] <<< [apiv2][body] POST https://upload-firebasehosting.googleapis.com/upload/sites/qiu-ai-video-2026-web/versions/6616c6bae8669418/files/2b2ca0e45ed128d9c96b91e491cc48d64bec04b3225fbde5f0a5b7757c479ba0 [stream]
[debug] [2026-06-03T00:55:21.248Z] <<< [apiv2][status] POST https://upload-firebasehosting.googleapis.com/upload/sites/qiu-ai-video-2026-web/versions/6616c6bae8669418/files/233eb4792ce783ee1bbb334b9e21c04a5b1e2c9c4adce2cb06045134de8eb2c5 200
[debug] [2026-06-03T00:55:21.248Z] <<< [apiv2][body] POST https://upload-firebasehosting.googleapis.com/upload/sites/qiu-ai-video-2026-web/versions/6616c6bae8669418/files/233eb4792ce783ee1bbb334b9e21c04a5b1e2c9c4adce2cb06045134de8eb2c5 [stream]
[debug] [2026-06-03T00:55:21.259Z] <<< [apiv2][status] POST https://upload-firebasehosting.googleapis.com/upload/sites/qiu-ai-video-2026-web/versions/6616c6bae8669418/files/553543b3472f0d5661b8da5e37f54a56cc2a6e5387aea198956fe945573a605f 200
[debug] [2026-06-03T00:55:21.259Z] <<< [apiv2][body] POST https://upload-firebasehosting.googleapis.com/upload/sites/qiu-ai-video-2026-web/versions/6616c6bae8669418/files/553543b3472f0d5661b8da5e37f54a56cc2a6e5387aea198956fe945573a605f [stream]
[debug] [2026-06-03T00:55:21.280Z] <<< [apiv2][status] POST https://upload-firebasehosting.googleapis.com/upload/sites/qiu-ai-video-2026-web/versions/6616c6bae8669418/files/5f616dbdc6c89638f251eedc62f9535695f62e1bf67cd536dd6385c600ca97ac 200
[debug] [2026-06-03T00:55:21.280Z] <<< [apiv2][body] POST https://upload-firebasehosting.googleapis.com/upload/sites/qiu-ai-video-2026-web/versions/6616c6bae8669418/files/5f616dbdc6c89638f251eedc62f9535695f62e1bf67cd536dd6385c600ca97ac [stream]
[debug] [2026-06-03T00:55:21.280Z] <<< [apiv2][status] POST https://upload-firebasehosting.googleapis.com/upload/sites/qiu-ai-video-2026-web/versions/6616c6bae8669418/files/d80717aec73322e5b189c52f5d2f13033fd07d1702a21c5395583d89cf7c8c2d 200
[debug] [2026-06-03T00:55:21.280Z] <<< [apiv2][body] POST https://upload-firebasehosting.googleapis.com/upload/sites/qiu-ai-video-2026-web/versions/6616c6bae8669418/files/d80717aec73322e5b189c52f5d2f13033fd07d1702a21c5395583d89cf7c8c2d [stream]
[debug] [2026-06-03T00:55:21.352Z] <<< [apiv2][status] POST https://upload-firebasehosting.googleapis.com/upload/sites/qiu-ai-video-2026-web/versions/6616c6bae8669418/files/2d5b63bccaa04c06503693498e71666a4bfd72341a5f3b26aaf6c5397390f784 200
[debug] [2026-06-03T00:55:21.352Z] <<< [apiv2][body] POST https://upload-firebasehosting.googleapis.com/upload/sites/qiu-ai-video-2026-web/versions/6616c6bae8669418/files/2d5b63bccaa04c06503693498e71666a4bfd72341a5f3b26aaf6c5397390f784 [stream]
[debug] [2026-06-03T00:55:21.363Z] <<< [apiv2][status] POST https://upload-firebasehosting.googleapis.com/upload/sites/qiu-ai-video-2026-web/versions/6616c6bae8669418/files/109e53b223e9befc5ec87b02aa5d6edd155b30f5c5678abf874508c2268077c8 200
[debug] [2026-06-03T00:55:21.363Z] <<< [apiv2][body] POST https://upload-firebasehosting.googleapis.com/upload/sites/qiu-ai-video-2026-web/versions/6616c6bae8669418/files/109e53b223e9befc5ec87b02aa5d6edd155b30f5c5678abf874508c2268077c8 [stream]
[debug] [2026-06-03T00:55:21.440Z] <<< [apiv2][status] POST https://upload-firebasehosting.googleapis.com/upload/sites/qiu-ai-video-2026-web/versions/6616c6bae8669418/files/6584811038820a9f283d92a263b2a59f53df2548e7a9c4dddee49b063b31c8fd 200
[debug] [2026-06-03T00:55:21.440Z] <<< [apiv2][body] POST https://upload-firebasehosting.googleapis.com/upload/sites/qiu-ai-video-2026-web/versions/6616c6bae8669418/files/6584811038820a9f283d92a263b2a59f53df2548e7a9c4dddee49b063b31c8fd [stream]
[debug] [2026-06-03T00:55:21.441Z] <<< [apiv2][status] POST https://upload-firebasehosting.googleapis.com/upload/sites/qiu-ai-video-2026-web/versions/6616c6bae8669418/files/a39dc51e21d1523cdef2091e7c7ab30a33ad42a7cd5da1f45139746e5c24b667 200
[debug] [2026-06-03T00:55:21.441Z] <<< [apiv2][body] POST https://upload-firebasehosting.googleapis.com/upload/sites/qiu-ai-video-2026-web/versions/6616c6bae8669418/files/a39dc51e21d1523cdef2091e7c7ab30a33ad42a7cd5da1f45139746e5c24b667 [stream]
[debug] [2026-06-03T00:55:21.452Z] <<< [apiv2][status] POST https://upload-firebasehosting.googleapis.com/upload/sites/qiu-ai-video-2026-web/versions/6616c6bae8669418/files/e3176b8cb3a540f7e60461833b6cafec7d124baff6f4697bd75690e82bdc53fb 200
[debug] [2026-06-03T00:55:21.452Z] <<< [apiv2][body] POST https://upload-firebasehosting.googleapis.com/upload/sites/qiu-ai-video-2026-web/versions/6616c6bae8669418/files/e3176b8cb3a540f7e60461833b6cafec7d124baff6f4697bd75690e82bdc53fb [stream]
[debug] [2026-06-03T00:55:21.454Z] <<< [apiv2][status] POST https://upload-firebasehosting.googleapis.com/upload/sites/qiu-ai-video-2026-web/versions/6616c6bae8669418/files/6d6ba298a4ade37772ea29e4d203d154fda7cc1f2260eed19dbf21d53a4908ec 200
[debug] [2026-06-03T00:55:21.454Z] <<< [apiv2][body] POST https://upload-firebasehosting.googleapis.com/upload/sites/qiu-ai-video-2026-web/versions/6616c6bae8669418/files/6d6ba298a4ade37772ea29e4d203d154fda7cc1f2260eed19dbf21d53a4908ec [stream]
[debug] [2026-06-03T00:55:21.508Z] <<< [apiv2][status] POST https://upload-firebasehosting.googleapis.com/upload/sites/qiu-ai-video-2026-web/versions/6616c6bae8669418/files/b25dcb2b59da0129e34cb8be1c17eacd0556c24682309d01c67315c0ce84b7b9 200
[debug] [2026-06-03T00:55:21.508Z] <<< [apiv2][body] POST https://upload-firebasehosting.googleapis.com/upload/sites/qiu-ai-video-2026-web/versions/6616c6bae8669418/files/b25dcb2b59da0129e34cb8be1c17eacd0556c24682309d01c67315c0ce84b7b9 [stream]
[debug] [2026-06-03T00:55:21.517Z] <<< [apiv2][status] POST https://upload-firebasehosting.googleapis.com/upload/sites/qiu-ai-video-2026-web/versions/6616c6bae8669418/files/df43526e35b386c84adfc7dea1bfc1b816950217bf2efc3577623490d403b3d9 200
[debug] [2026-06-03T00:55:21.517Z] <<< [apiv2][body] POST https://upload-firebasehosting.googleapis.com/upload/sites/qiu-ai-video-2026-web/versions/6616c6bae8669418/files/df43526e35b386c84adfc7dea1bfc1b816950217bf2efc3577623490d403b3d9 [stream]
[debug] [2026-06-03T00:55:21.520Z] <<< [apiv2][status] POST https://upload-firebasehosting.googleapis.com/upload/sites/qiu-ai-video-2026-web/versions/6616c6bae8669418/files/7bfe8e198f5913be0ad5086fd510fea54cf410b9b2359ac5f7bcd5e15ed3f39d 200
[debug] [2026-06-03T00:55:21.520Z] <<< [apiv2][body] POST https://upload-firebasehosting.googleapis.com/upload/sites/qiu-ai-video-2026-web/versions/6616c6bae8669418/files/7bfe8e198f5913be0ad5086fd510fea54cf410b9b2359ac5f7bcd5e15ed3f39d [stream]
[debug] [2026-06-03T00:55:21.527Z] <<< [apiv2][status] POST https://upload-firebasehosting.googleapis.com/upload/sites/qiu-ai-video-2026-web/versions/6616c6bae8669418/files/a0fc76c88a6b334b123f05192f7c0c90c737a0260ade6061f6a3d470afa3ad8c 200
[debug] [2026-06-03T00:55:21.527Z] <<< [apiv2][body] POST https://upload-firebasehosting.googleapis.com/upload/sites/qiu-ai-video-2026-web/versions/6616c6bae8669418/files/a0fc76c88a6b334b123f05192f7c0c90c737a0260ade6061f6a3d470afa3ad8c [stream]
[debug] [2026-06-03T00:55:21.552Z] <<< [apiv2][status] POST https://upload-firebasehosting.googleapis.com/upload/sites/qiu-ai-video-2026-web/versions/6616c6bae8669418/files/0701373f4ae2ea64873426287d7255111f9ed4ad878c3cf7ed8369f2f30356d1 200
[debug] [2026-06-03T00:55:21.552Z] <<< [apiv2][body] POST https://upload-firebasehosting.googleapis.com/upload/sites/qiu-ai-video-2026-web/versions/6616c6bae8669418/files/0701373f4ae2ea64873426287d7255111f9ed4ad878c3cf7ed8369f2f30356d1 [stream]
[debug] [2026-06-03T00:55:21.567Z] <<< [apiv2][status] POST https://upload-firebasehosting.googleapis.com/upload/sites/qiu-ai-video-2026-web/versions/6616c6bae8669418/files/dda3366b656cc614c25e85cf76048770097975d65d6186c65e8bda9375fdcc74 200
[debug] [2026-06-03T00:55:21.567Z] <<< [apiv2][body] POST https://upload-firebasehosting.googleapis.com/upload/sites/qiu-ai-video-2026-web/versions/6616c6bae8669418/files/dda3366b656cc614c25e85cf76048770097975d65d6186c65e8bda9375fdcc74 [stream]
[debug] [2026-06-03T00:55:21.567Z] <<< [apiv2][status] POST https://upload-firebasehosting.googleapis.com/upload/sites/qiu-ai-video-2026-web/versions/6616c6bae8669418/files/921ee33968e37ce126375439514fdfb9eb11d3a71b27f9dc4661047f4e86aeeb 200
[debug] [2026-06-03T00:55:21.567Z] <<< [apiv2][body] POST https://upload-firebasehosting.googleapis.com/upload/sites/qiu-ai-video-2026-web/versions/6616c6bae8669418/files/921ee33968e37ce126375439514fdfb9eb11d3a71b27f9dc4661047f4e86aeeb [stream]
[debug] [2026-06-03T00:55:21.653Z] <<< [apiv2][status] POST https://upload-firebasehosting.googleapis.com/upload/sites/qiu-ai-video-2026-web/versions/6616c6bae8669418/files/9a694286f0a981ecef83599c25bd07ba7869726351435f9dfad513ce54a16eba 200
[debug] [2026-06-03T00:55:21.653Z] <<< [apiv2][body] POST https://upload-firebasehosting.googleapis.com/upload/sites/qiu-ai-video-2026-web/versions/6616c6bae8669418/files/9a694286f0a981ecef83599c25bd07ba7869726351435f9dfad513ce54a16eba [stream]
[debug] [2026-06-03T00:55:21.653Z] <<< [apiv2][status] POST https://upload-firebasehosting.googleapis.com/upload/sites/qiu-ai-video-2026-web/versions/6616c6bae8669418/files/ceefb36f9102e220fa498bebf7d34788b2186bec2de1374031cdc684d485e970 200
[debug] [2026-06-03T00:55:21.653Z] <<< [apiv2][body] POST https://upload-firebasehosting.googleapis.com/upload/sites/qiu-ai-video-2026-web/versions/6616c6bae8669418/files/ceefb36f9102e220fa498bebf7d34788b2186bec2de1374031cdc684d485e970 [stream]
[debug] [2026-06-03T00:55:21.662Z] <<< [apiv2][status] POST https://upload-firebasehosting.googleapis.com/upload/sites/qiu-ai-video-2026-web/versions/6616c6bae8669418/files/50951f267aa86ccd6afdd5aab7ff5720c1bcc0d6284593937d9d221b913a379b 200
[debug] [2026-06-03T00:55:21.662Z] <<< [apiv2][body] POST https://upload-firebasehosting.googleapis.com/upload/sites/qiu-ai-video-2026-web/versions/6616c6bae8669418/files/50951f267aa86ccd6afdd5aab7ff5720c1bcc0d6284593937d9d221b913a379b [stream]
[debug] [2026-06-03T00:55:21.673Z] <<< [apiv2][status] POST https://upload-firebasehosting.googleapis.com/upload/sites/qiu-ai-video-2026-web/versions/6616c6bae8669418/files/c13054f1cfa70df84647227edc82cd358af2da0dc79d121ca18e0f501de4d01b 200
[debug] [2026-06-03T00:55:21.673Z] <<< [apiv2][body] POST https://upload-firebasehosting.googleapis.com/upload/sites/qiu-ai-video-2026-web/versions/6616c6bae8669418/files/c13054f1cfa70df84647227edc82cd358af2da0dc79d121ca18e0f501de4d01b [stream]
[debug] [2026-06-03T00:55:21.673Z] <<< [apiv2][status] POST https://upload-firebasehosting.googleapis.com/upload/sites/qiu-ai-video-2026-web/versions/6616c6bae8669418/files/ef4f68484a2ffb3a2cc0cd425a48d363dbb8a73002a0920c44fd18242d766f8d 200
[debug] [2026-06-03T00:55:21.673Z] <<< [apiv2][body] POST https://upload-firebasehosting.googleapis.com/upload/sites/qiu-ai-video-2026-web/versions/6616c6bae8669418/files/ef4f68484a2ffb3a2cc0cd425a48d363dbb8a73002a0920c44fd18242d766f8d [stream]
[debug] [2026-06-03T00:55:21.731Z] <<< [apiv2][status] POST https://upload-firebasehosting.googleapis.com/upload/sites/qiu-ai-video-2026-web/versions/6616c6bae8669418/files/137ff9bbd4dc6eaea7ae0d8888bac67e51d2bcb77cab41eb603cb1f1f440392e 200
[debug] [2026-06-03T00:55:21.731Z] <<< [apiv2][body] POST https://upload-firebasehosting.googleapis.com/upload/sites/qiu-ai-video-2026-web/versions/6616c6bae8669418/files/137ff9bbd4dc6eaea7ae0d8888bac67e51d2bcb77cab41eb603cb1f1f440392e [stream]
[debug] [2026-06-03T00:55:21.752Z] <<< [apiv2][status] POST https://upload-firebasehosting.googleapis.com/upload/sites/qiu-ai-video-2026-web/versions/6616c6bae8669418/files/2ae821d81705a7ffa1447b958221f2c3d3c603ffcfa443246748cdb089eb2638 200
[debug] [2026-06-03T00:55:21.752Z] <<< [apiv2][body] POST https://upload-firebasehosting.googleapis.com/upload/sites/qiu-ai-video-2026-web/versions/6616c6bae8669418/files/2ae821d81705a7ffa1447b958221f2c3d3c603ffcfa443246748cdb089eb2638 [stream]
[debug] [2026-06-03T00:55:21.798Z] <<< [apiv2][status] POST https://upload-firebasehosting.googleapis.com/upload/sites/qiu-ai-video-2026-web/versions/6616c6bae8669418/files/78eebf02c70dae9699b0c164c55042b13684d99dfe3f8feb61e7ce5e8b14b2a7 200
[debug] [2026-06-03T00:55:21.798Z] <<< [apiv2][body] POST https://upload-firebasehosting.googleapis.com/upload/sites/qiu-ai-video-2026-web/versions/6616c6bae8669418/files/78eebf02c70dae9699b0c164c55042b13684d99dfe3f8feb61e7ce5e8b14b2a7 [stream]
[debug] [2026-06-03T00:55:21.818Z] <<< [apiv2][status] POST https://upload-firebasehosting.googleapis.com/upload/sites/qiu-ai-video-2026-web/versions/6616c6bae8669418/files/1b31cda47d2f824067c88cee5e7d61f083acb23b54a79d2c34e7620c3f209e9c 200
[debug] [2026-06-03T00:55:21.818Z] <<< [apiv2][body] POST https://upload-firebasehosting.googleapis.com/upload/sites/qiu-ai-video-2026-web/versions/6616c6bae8669418/files/1b31cda47d2f824067c88cee5e7d61f083acb23b54a79d2c34e7620c3f209e9c [stream]
[debug] [2026-06-03T00:55:21.875Z] <<< [apiv2][status] POST https://upload-firebasehosting.googleapis.com/upload/sites/qiu-ai-video-2026-web/versions/6616c6bae8669418/files/a8b1c92ead8342bf60b849ad99bed65089c6ccc142e467d62287307902055d72 200
[debug] [2026-06-03T00:55:21.875Z] <<< [apiv2][body] POST https://upload-firebasehosting.googleapis.com/upload/sites/qiu-ai-video-2026-web/versions/6616c6bae8669418/files/a8b1c92ead8342bf60b849ad99bed65089c6ccc142e467d62287307902055d72 [stream]
[debug] [2026-06-03T00:55:21.916Z] <<< [apiv2][status] POST https://upload-firebasehosting.googleapis.com/upload/sites/qiu-ai-video-2026-web/versions/6616c6bae8669418/files/b2b4b41c220f7538453a36b19427a82358a5bc8a39a99d959ea72f68f945b325 200
[debug] [2026-06-03T00:55:21.916Z] <<< [apiv2][body] POST https://upload-firebasehosting.googleapis.com/upload/sites/qiu-ai-video-2026-web/versions/6616c6bae8669418/files/b2b4b41c220f7538453a36b19427a82358a5bc8a39a99d959ea72f68f945b325 [stream]
[debug] [2026-06-03T00:55:21.927Z] <<< [apiv2][status] POST https://upload-firebasehosting.googleapis.com/upload/sites/qiu-ai-video-2026-web/versions/6616c6bae8669418/files/672d7f4f28873a2556fbefd1d45114b839ef179d97e35d68921a10a99eb73e87 200
[debug] [2026-06-03T00:55:21.927Z] <<< [apiv2][body] POST https://upload-firebasehosting.googleapis.com/upload/sites/qiu-ai-video-2026-web/versions/6616c6bae8669418/files/672d7f4f28873a2556fbefd1d45114b839ef179d97e35d68921a10a99eb73e87 [stream]
[debug] [2026-06-03T00:55:21.949Z] <<< [apiv2][status] POST https://upload-firebasehosting.googleapis.com/upload/sites/qiu-ai-video-2026-web/versions/6616c6bae8669418/files/630f342d1191f0360553b2bfcae2d1801002847b63b3834404fceb59ec47de98 200
[debug] [2026-06-03T00:55:21.949Z] <<< [apiv2][body] POST https://upload-firebasehosting.googleapis.com/upload/sites/qiu-ai-video-2026-web/versions/6616c6bae8669418/files/630f342d1191f0360553b2bfcae2d1801002847b63b3834404fceb59ec47de98 [stream]
[debug] [2026-06-03T00:55:21.972Z] <<< [apiv2][status] POST https://upload-firebasehosting.googleapis.com/upload/sites/qiu-ai-video-2026-web/versions/6616c6bae8669418/files/b10e235e8e631c62cf8970a23fcb25102f823e835384ecad0c7b1c463a2a6cb0 200
[debug] [2026-06-03T00:55:21.972Z] <<< [apiv2][body] POST https://upload-firebasehosting.googleapis.com/upload/sites/qiu-ai-video-2026-web/versions/6616c6bae8669418/files/b10e235e8e631c62cf8970a23fcb25102f823e835384ecad0c7b1c463a2a6cb0 [stream]
[debug] [2026-06-03T00:55:21.976Z] <<< [apiv2][status] POST https://upload-firebasehosting.googleapis.com/upload/sites/qiu-ai-video-2026-web/versions/6616c6bae8669418/files/82c91768145d926ff8b0699586be126ddc7335658d9446d705e16bbd7794664f 200
[debug] [2026-06-03T00:55:21.976Z] <<< [apiv2][body] POST https://upload-firebasehosting.googleapis.com/upload/sites/qiu-ai-video-2026-web/versions/6616c6bae8669418/files/82c91768145d926ff8b0699586be126ddc7335658d9446d705e16bbd7794664f [stream]
[debug] [2026-06-03T00:55:21.983Z] <<< [apiv2][status] POST https://upload-firebasehosting.googleapis.com/upload/sites/qiu-ai-video-2026-web/versions/6616c6bae8669418/files/21698bb9cc236ed557dfd28414c4c46a690d7fb639a6f8c3a236a941ae14243e 200
[debug] [2026-06-03T00:55:21.983Z] <<< [apiv2][body] POST https://upload-firebasehosting.googleapis.com/upload/sites/qiu-ai-video-2026-web/versions/6616c6bae8669418/files/21698bb9cc236ed557dfd28414c4c46a690d7fb639a6f8c3a236a941ae14243e [stream]
[debug] [2026-06-03T00:55:21.994Z] <<< [apiv2][status] POST https://upload-firebasehosting.googleapis.com/upload/sites/qiu-ai-video-2026-web/versions/6616c6bae8669418/files/b320ad8c398320942123ad2d28e036f7ec65561d406cce53a7e52cee45a53699 200
[debug] [2026-06-03T00:55:21.994Z] <<< [apiv2][body] POST https://upload-firebasehosting.googleapis.com/upload/sites/qiu-ai-video-2026-web/versions/6616c6bae8669418/files/b320ad8c398320942123ad2d28e036f7ec65561d406cce53a7e52cee45a53699 [stream]
[debug] [2026-06-03T00:55:22.004Z] <<< [apiv2][status] POST https://upload-firebasehosting.googleapis.com/upload/sites/qiu-ai-video-2026-web/versions/6616c6bae8669418/files/62ca2c180d2ebfcd1000052da5874624605d806fbeb55e64095b0f6ebedc55da 200
[debug] [2026-06-03T00:55:22.004Z] <<< [apiv2][body] POST https://upload-firebasehosting.googleapis.com/upload/sites/qiu-ai-video-2026-web/versions/6616c6bae8669418/files/62ca2c180d2ebfcd1000052da5874624605d806fbeb55e64095b0f6ebedc55da [stream]
[debug] [2026-06-03T00:55:22.087Z] <<< [apiv2][status] POST https://upload-firebasehosting.googleapis.com/upload/sites/qiu-ai-video-2026-web/versions/6616c6bae8669418/files/08cb2cf40b9e46a42d3a75bbec599f2566f5f5528026203ef762a502a09b50cf 200
[debug] [2026-06-03T00:55:22.087Z] <<< [apiv2][body] POST https://upload-firebasehosting.googleapis.com/upload/sites/qiu-ai-video-2026-web/versions/6616c6bae8669418/files/08cb2cf40b9e46a42d3a75bbec599f2566f5f5528026203ef762a502a09b50cf [stream]
[debug] [2026-06-03T00:55:22.235Z] <<< [apiv2][status] POST https://upload-firebasehosting.googleapis.com/upload/sites/qiu-ai-video-2026-web/versions/6616c6bae8669418/files/a2bcf18f129bb5bac3bccb2de5d7121819467bf028c020abff3e3ba8a5bd6b51 200
[debug] [2026-06-03T00:55:22.235Z] <<< [apiv2][body] POST https://upload-firebasehosting.googleapis.com/upload/sites/qiu-ai-video-2026-web/versions/6616c6bae8669418/files/a2bcf18f129bb5bac3bccb2de5d7121819467bf028c020abff3e3ba8a5bd6b51 [stream]
[debug] [2026-06-03T00:55:22.362Z] <<< [apiv2][status] POST https://upload-firebasehosting.googleapis.com/upload/sites/qiu-ai-video-2026-web/versions/6616c6bae8669418/files/46c90b83c4864d28a35d4bdbf51d668333735fd3cf8d09e7702748c086a77d39 200
[debug] [2026-06-03T00:55:22.363Z] <<< [apiv2][body] POST https://upload-firebasehosting.googleapis.com/upload/sites/qiu-ai-video-2026-web/versions/6616c6bae8669418/files/46c90b83c4864d28a35d4bdbf51d668333735fd3cf8d09e7702748c086a77d39 [stream]
[debug] [2026-06-03T00:55:22.484Z] <<< [apiv2][status] POST https://upload-firebasehosting.googleapis.com/upload/sites/qiu-ai-video-2026-web/versions/6616c6bae8669418/files/00bea984674789a43e3c3a4a33d098b2d5ab039db231775db1de4923b409e53a 200
[debug] [2026-06-03T00:55:22.484Z] <<< [apiv2][body] POST https://upload-firebasehosting.googleapis.com/upload/sites/qiu-ai-video-2026-web/versions/6616c6bae8669418/files/00bea984674789a43e3c3a4a33d098b2d5ab039db231775db1de4923b409e53a [stream]
[debug] [2026-06-03T00:55:22.592Z] <<< [apiv2][status] POST https://upload-firebasehosting.googleapis.com/upload/sites/qiu-ai-video-2026-web/versions/6616c6bae8669418/files/3b3329e39ca1e22926a0a879001382133a58803ad6b4c051aba61d2fa162d847 200
[debug] [2026-06-03T00:55:22.592Z] <<< [apiv2][body] POST https://upload-firebasehosting.googleapis.com/upload/sites/qiu-ai-video-2026-web/versions/6616c6bae8669418/files/3b3329e39ca1e22926a0a879001382133a58803ad6b4c051aba61d2fa162d847 [stream]
[debug] [2026-06-03T00:55:22.603Z] <<< [apiv2][status] POST https://upload-firebasehosting.googleapis.com/upload/sites/qiu-ai-video-2026-web/versions/6616c6bae8669418/files/29506854621dffc32df9fe186a0a73a45fb3b095ff94c81e42018c9dcea20c10 200
[debug] [2026-06-03T00:55:22.603Z] <<< [apiv2][body] POST https://upload-firebasehosting.googleapis.com/upload/sites/qiu-ai-video-2026-web/versions/6616c6bae8669418/files/29506854621dffc32df9fe186a0a73a45fb3b095ff94c81e42018c9dcea20c10 [stream]
[debug] [2026-06-03T00:55:22.670Z] <<< [apiv2][status] POST https://upload-firebasehosting.googleapis.com/upload/sites/qiu-ai-video-2026-web/versions/6616c6bae8669418/files/b48eb4b64acb3f26526c96890ef40700e40b96df019a5331e4bcbfbfd3a52ab2 200
[debug] [2026-06-03T00:55:22.670Z] <<< [apiv2][body] POST https://upload-firebasehosting.googleapis.com/upload/sites/qiu-ai-video-2026-web/versions/6616c6bae8669418/files/b48eb4b64acb3f26526c96890ef40700e40b96df019a5331e4bcbfbfd3a52ab2 [stream]
[debug] [2026-06-03T00:55:22.769Z] <<< [apiv2][status] POST https://upload-firebasehosting.googleapis.com/upload/sites/qiu-ai-video-2026-web/versions/6616c6bae8669418/files/40700c1b74ce51df87e3c70f999057b21b84cac1b07624949356c172b10955b3 200
[debug] [2026-06-03T00:55:22.769Z] <<< [apiv2][body] POST https://upload-firebasehosting.googleapis.com/upload/sites/qiu-ai-video-2026-web/versions/6616c6bae8669418/files/40700c1b74ce51df87e3c70f999057b21b84cac1b07624949356c172b10955b3 [stream]
[debug] [2026-06-03T00:55:22.821Z] <<< [apiv2][status] POST https://upload-firebasehosting.googleapis.com/upload/sites/qiu-ai-video-2026-web/versions/6616c6bae8669418/files/46d9ad67cc243ad94e3c2899e931686cd45e157491de63f2d901582b27d4e45b 200
[debug] [2026-06-03T00:55:22.821Z] <<< [apiv2][body] POST https://upload-firebasehosting.googleapis.com/upload/sites/qiu-ai-video-2026-web/versions/6616c6bae8669418/files/46d9ad67cc243ad94e3c2899e931686cd45e157491de63f2d901582b27d4e45b [stream]
[info] i  hosting: uploading new files [46/47] (97%) 
[info] i  hosting: uploading new files [46/47] (97%) 
[info] i  hosting: uploading new files [46/47] (97%) 
